[35m[1mScanning dependencies of target _multi_map_server_generate_messages_check_deps_MultiSparseMap3D[0m
[35m[1mScanning dependencies of target nav_msgs_generate_messages_eus[0m
[35m[1mScanning dependencies of target _multi_map_server_generate_messages_check_deps_SparseMap3D[0m
[35m[1mScanning dependencies of target geometry_msgs_generate_messages_py[0m
[35m[1mScanning dependencies of target nav_msgs_generate_messages_nodejs[0m
[35m[1mScanning dependencies of target nav_msgs_generate_messages_cpp[0m
[35m[1mScanning dependencies of target _multi_map_server_generate_messages_check_deps_MultiOccupancyGrid[0m
[35m[1mScanning dependencies of target geometry_msgs_generate_messages_cpp[0m
[35m[1mScanning dependencies of target _multi_map_server_generate_messages_check_deps_VerticalOccupancyGridList[0m
[35m[1mScanning dependencies of target nav_msgs_generate_messages_py[0m
[35m[1mScanning dependencies of target geometry_msgs_generate_messages_eus[0m
[35m[1mScanning dependencies of target multi_map_visualization[0m
[35m[1mScanning dependencies of target geometry_msgs_generate_messages_nodejs[0m
[35m[1mScanning dependencies of target geometry_msgs_generate_messages_lisp[0m
[35m[1mScanning dependencies of target nav_msgs_generate_messages_lisp[0m
[  0%] Built target nav_msgs_generate_messages_lisp
[  0%] Built target geometry_msgs_generate_messages_nodejs
[  0%] Built target nav_msgs_generate_messages_nodejs
[  0%] Built target nav_msgs_generate_messages_eus
[  0%] Built target geometry_msgs_generate_messages_py
[  0%] Built target nav_msgs_generate_messages_py
[  0%] Built target nav_msgs_generate_messages_cpp
[  0%] Built target geometry_msgs_generate_messages_cpp
[  0%] Built target geometry_msgs_generate_messages_eus
[  0%] Built target geometry_msgs_generate_messages_lisp
[  4%] [32mBuilding CXX object CMakeFiles/multi_map_visualization.dir/src/multi_map_visualization.cc.o[0m
[  4%] Built target _multi_map_server_generate_messages_check_deps_SparseMap3D
[  4%] Built target _multi_map_server_generate_messages_check_deps_MultiOccupancyGrid
[  4%] Built target _multi_map_server_generate_messages_check_deps_MultiSparseMap3D
[  4%] Built target _multi_map_server_generate_messages_check_deps_VerticalOccupancyGridList
[35m[1mScanning dependencies of target multi_map_server_generate_messages_cpp[0m
[35m[1mScanning dependencies of target multi_map_server_generate_messages_nodejs[0m
[35m[1mScanning dependencies of target multi_map_server_generate_messages_eus[0m
[35m[1mScanning dependencies of target multi_map_server_generate_messages_lisp[0m
[35m[1mScanning dependencies of target multi_map_server_generate_messages_py[0m
[ 70%] [34m[1mGenerating Python from MSG multi_map_server/MultiSparseMap3D[0m
[ 70%] [34m[1mGenerating EusLisp code from multi_map_server/VerticalOccupancyGridList.msg[0m
[ 70%] [34m[1mGenerating Lisp code from multi_map_server/SparseMap3D.msg[0m
[ 70%] [34m[1mGenerating EusLisp code from multi_map_server/SparseMap3D.msg[0m
[ 70%] [34m[1mGenerating Lisp code from multi_map_server/MultiSparseMap3D.msg[0m
[ 70%] [34m[1mGenerating Javascript code from multi_map_server/MultiSparseMap3D.msg[0m
[ 70%] [34m[1mGenerating C++ code from multi_map_server/MultiOccupancyGrid.msg[0m
[ 70%] [34m[1mGenerating Javascript code from multi_map_server/SparseMap3D.msg[0m
[ 70%] [34m[1mGenerating Javascript code from multi_map_server/MultiOccupancyGrid.msg[0m
[ 70%] [34m[1mGenerating Lisp code from multi_map_server/MultiOccupancyGrid.msg[0m
[ 70%] [34m[1mGenerating EusLisp code from multi_map_server/MultiOccupancyGrid.msg[0m
[ 70%] [34m[1mGenerating C++ code from multi_map_server/MultiSparseMap3D.msg[0m
[ 70%] [34m[1mGenerating Javascript code from multi_map_server/VerticalOccupancyGridList.msg[0m
[ 79%] [34m[1mGenerating C++ code from multi_map_server/VerticalOccupancyGridList.msg[0m
[ 79%] [34m[1mGenerating C++ code from multi_map_server/SparseMap3D.msg[0m
[ 83%] [34m[1mGenerating Lisp code from multi_map_server/VerticalOccupancyGridList.msg[0m
[ 70%] [34m[1mGenerating EusLisp code from multi_map_server/MultiSparseMap3D.msg[0m
[ 70%] [34m[1mGenerating Python from MSG multi_map_server/VerticalOccupancyGridList[0m
[ 70%] [34m[1mGenerating Python from MSG multi_map_server/MultiOccupancyGrid[0m
[ 87%] [34m[1mGenerating Python from MSG multi_map_server/SparseMap3D[0m
[ 91%] [34m[1mGenerating EusLisp manifest code for multi_map_server[0m
[ 91%] Built target multi_map_server_generate_messages_nodejs
[ 91%] Built target multi_map_server_generate_messages_lisp
[ 91%] Built target multi_map_server_generate_messages_cpp
[ 95%] [34m[1mGenerating Python msg __init__.py for multi_map_server[0m
[ 95%] Built target multi_map_server_generate_messages_py
[ 95%] Built target multi_map_server_generate_messages_eus
[35m[1mScanning dependencies of target multi_map_server_generate_messages[0m
[ 95%] Built target multi_map_server_generate_messages
[100%] [32m[1mLinking CXX executable /home/tms01/Developments/ego-planner/devel/.private/multi_map_server/lib/multi_map_server/multi_map_visualization[0m
[100%] Built target multi_map_visualization
