Symlinking /home/tms01/Developments/ego-planner/devel/lib/pkgconfig/multi_map_server.pc
Symlinking /home/tms01/Developments/ego-planner/devel/lib/python3/dist-packages/multi_map_server/__init__.py
Symlinking /home/tms01/Developments/ego-planner/devel/lib/python3/dist-packages/multi_map_server/msg/_MultiOccupancyGrid.py
Symlinking /home/tms01/Developments/ego-planner/devel/lib/python3/dist-packages/multi_map_server/msg/_MultiSparseMap3D.py
Symlinking /home/tms01/Developments/ego-planner/devel/lib/python3/dist-packages/multi_map_server/msg/_VerticalOccupancyGridList.py
Symlinking /home/tms01/Developments/ego-planner/devel/lib/python3/dist-packages/multi_map_server/msg/__init__.py
Symlinking /home/tms01/Developments/ego-planner/devel/lib/python3/dist-packages/multi_map_server/msg/_SparseMap3D.py
Symlinking /home/tms01/Developments/ego-planner/devel/lib/multi_map_server/multi_map_visualization
Symlinking /home/tms01/Developments/ego-planner/devel/include/multi_map_server/MultiOccupancyGrid.h
Symlinking /home/tms01/Developments/ego-planner/devel/include/multi_map_server/SparseMap3D.h
Symlinking /home/tms01/Developments/ego-planner/devel/include/multi_map_server/VerticalOccupancyGridList.h
Symlinking /home/tms01/Developments/ego-planner/devel/include/multi_map_server/MultiSparseMap3D.h
Symlinking /home/tms01/Developments/ego-planner/devel/share/gennodejs/ros/multi_map_server/_index.js
Symlinking /home/tms01/Developments/ego-planner/devel/share/gennodejs/ros/multi_map_server/msg/MultiOccupancyGrid.js
Symlinking /home/tms01/Developments/ego-planner/devel/share/gennodejs/ros/multi_map_server/msg/_index.js
Symlinking /home/tms01/Developments/ego-planner/devel/share/gennodejs/ros/multi_map_server/msg/VerticalOccupancyGridList.js
Symlinking /home/tms01/Developments/ego-planner/devel/share/gennodejs/ros/multi_map_server/msg/SparseMap3D.js
Symlinking /home/tms01/Developments/ego-planner/devel/share/gennodejs/ros/multi_map_server/msg/MultiSparseMap3D.js
Symlinking /home/tms01/Developments/ego-planner/devel/share/roseus/ros/multi_map_server/manifest.l
Symlinking /home/tms01/Developments/ego-planner/devel/share/roseus/ros/multi_map_server/msg/SparseMap3D.l
Symlinking /home/tms01/Developments/ego-planner/devel/share/roseus/ros/multi_map_server/msg/MultiOccupancyGrid.l
Symlinking /home/tms01/Developments/ego-planner/devel/share/roseus/ros/multi_map_server/msg/VerticalOccupancyGridList.l
Symlinking /home/tms01/Developments/ego-planner/devel/share/roseus/ros/multi_map_server/msg/MultiSparseMap3D.l
Symlinking /home/tms01/Developments/ego-planner/devel/share/multi_map_server/cmake/multi_map_server-msg-paths.cmake
Symlinking /home/tms01/Developments/ego-planner/devel/share/multi_map_server/cmake/multi_map_serverConfig.cmake
Symlinking /home/tms01/Developments/ego-planner/devel/share/multi_map_server/cmake/multi_map_serverConfig-version.cmake
Symlinking /home/tms01/Developments/ego-planner/devel/share/multi_map_server/cmake/multi_map_server-msg-extras.cmake
Symlinking /home/tms01/Developments/ego-planner/devel/share/common-lisp/ros/multi_map_server/msg/_package_MultiOccupancyGrid.lisp
Symlinking /home/tms01/Developments/ego-planner/devel/share/common-lisp/ros/multi_map_server/msg/MultiSparseMap3D.lisp
Symlinking /home/tms01/Developments/ego-planner/devel/share/common-lisp/ros/multi_map_server/msg/multi_map_server-msg.asd
Symlinking /home/tms01/Developments/ego-planner/devel/share/common-lisp/ros/multi_map_server/msg/_package_MultiSparseMap3D.lisp
Symlinking /home/tms01/Developments/ego-planner/devel/share/common-lisp/ros/multi_map_server/msg/SparseMap3D.lisp
Symlinking /home/tms01/Developments/ego-planner/devel/share/common-lisp/ros/multi_map_server/msg/_package_VerticalOccupancyGridList.lisp
Symlinking /home/tms01/Developments/ego-planner/devel/share/common-lisp/ros/multi_map_server/msg/MultiOccupancyGrid.lisp
Symlinking /home/tms01/Developments/ego-planner/devel/share/common-lisp/ros/multi_map_server/msg/_package.lisp
Symlinking /home/tms01/Developments/ego-planner/devel/share/common-lisp/ros/multi_map_server/msg/VerticalOccupancyGridList.lisp
Symlinking /home/tms01/Developments/ego-planner/devel/share/common-lisp/ros/multi_map_server/msg/_package_SparseMap3D.lisp
