Linked: (/home/tms01/Developments/ego-planner/devel/.private/ego_planner/lib/pkgconfig/ego_planner.pc, /home/tms01/Developments/ego-planner/devel/lib/pkgconfig/ego_planner.pc)
Linked: (/home/tms01/Developments/ego-planner/devel/.private/ego_planner/lib/python3/dist-packages/ego_planner/__init__.py, /home/tms01/Developments/ego-planner/devel/lib/python3/dist-packages/ego_planner/__init__.py)
Linked: (/home/tms01/Developments/ego-planner/devel/.private/ego_planner/lib/python3/dist-packages/ego_planner/msg/_DataDisp.py, /home/tms01/Developments/ego-planner/devel/lib/python3/dist-packages/ego_planner/msg/_DataDisp.py)
Linked: (/home/tms01/Developments/ego-planner/devel/.private/ego_planner/lib/python3/dist-packages/ego_planner/msg/__init__.py, /home/tms01/Developments/ego-planner/devel/lib/python3/dist-packages/ego_planner/msg/__init__.py)
Linked: (/home/tms01/Developments/ego-planner/devel/.private/ego_planner/lib/python3/dist-packages/ego_planner/msg/_Bspline.py, /home/tms01/Developments/ego-planner/devel/lib/python3/dist-packages/ego_planner/msg/_Bspline.py)
Linked: (/home/tms01/Developments/ego-planner/devel/.private/ego_planner/lib/ego_planner/traj_server, /home/tms01/Developments/ego-planner/devel/lib/ego_planner/traj_server)
Linked: (/home/tms01/Developments/ego-planner/devel/.private/ego_planner/lib/ego_planner/ego_planner_node, /home/tms01/Developments/ego-planner/devel/lib/ego_planner/ego_planner_node)
Linked: (/home/tms01/Developments/ego-planner/devel/.private/ego_planner/include/ego_planner/Bspline.h, /home/tms01/Developments/ego-planner/devel/include/ego_planner/Bspline.h)
Linked: (/home/tms01/Developments/ego-planner/devel/.private/ego_planner/include/ego_planner/DataDisp.h, /home/tms01/Developments/ego-planner/devel/include/ego_planner/DataDisp.h)
Linked: (/home/tms01/Developments/ego-planner/devel/.private/ego_planner/share/gennodejs/ros/ego_planner/_index.js, /home/tms01/Developments/ego-planner/devel/share/gennodejs/ros/ego_planner/_index.js)
Linked: (/home/tms01/Developments/ego-planner/devel/.private/ego_planner/share/gennodejs/ros/ego_planner/msg/Bspline.js, /home/tms01/Developments/ego-planner/devel/share/gennodejs/ros/ego_planner/msg/Bspline.js)
Linked: (/home/tms01/Developments/ego-planner/devel/.private/ego_planner/share/gennodejs/ros/ego_planner/msg/_index.js, /home/tms01/Developments/ego-planner/devel/share/gennodejs/ros/ego_planner/msg/_index.js)
Linked: (/home/tms01/Developments/ego-planner/devel/.private/ego_planner/share/gennodejs/ros/ego_planner/msg/DataDisp.js, /home/tms01/Developments/ego-planner/devel/share/gennodejs/ros/ego_planner/msg/DataDisp.js)
Linked: (/home/tms01/Developments/ego-planner/devel/.private/ego_planner/share/roseus/ros/ego_planner/manifest.l, /home/tms01/Developments/ego-planner/devel/share/roseus/ros/ego_planner/manifest.l)
Linked: (/home/tms01/Developments/ego-planner/devel/.private/ego_planner/share/roseus/ros/ego_planner/msg/DataDisp.l, /home/tms01/Developments/ego-planner/devel/share/roseus/ros/ego_planner/msg/DataDisp.l)
Linked: (/home/tms01/Developments/ego-planner/devel/.private/ego_planner/share/roseus/ros/ego_planner/msg/Bspline.l, /home/tms01/Developments/ego-planner/devel/share/roseus/ros/ego_planner/msg/Bspline.l)
Linked: (/home/tms01/Developments/ego-planner/devel/.private/ego_planner/share/ego_planner/cmake/ego_planner-msg-extras.cmake, /home/tms01/Developments/ego-planner/devel/share/ego_planner/cmake/ego_planner-msg-extras.cmake)
Linked: (/home/tms01/Developments/ego-planner/devel/.private/ego_planner/share/ego_planner/cmake/ego_plannerConfig.cmake, /home/tms01/Developments/ego-planner/devel/share/ego_planner/cmake/ego_plannerConfig.cmake)
Linked: (/home/tms01/Developments/ego-planner/devel/.private/ego_planner/share/ego_planner/cmake/ego_plannerConfig-version.cmake, /home/tms01/Developments/ego-planner/devel/share/ego_planner/cmake/ego_plannerConfig-version.cmake)
Linked: (/home/tms01/Developments/ego-planner/devel/.private/ego_planner/share/ego_planner/cmake/ego_planner-msg-paths.cmake, /home/tms01/Developments/ego-planner/devel/share/ego_planner/cmake/ego_planner-msg-paths.cmake)
Linked: (/home/tms01/Developments/ego-planner/devel/.private/ego_planner/share/common-lisp/ros/ego_planner/msg/DataDisp.lisp, /home/tms01/Developments/ego-planner/devel/share/common-lisp/ros/ego_planner/msg/DataDisp.lisp)
Linked: (/home/tms01/Developments/ego-planner/devel/.private/ego_planner/share/common-lisp/ros/ego_planner/msg/_package_Bspline.lisp, /home/tms01/Developments/ego-planner/devel/share/common-lisp/ros/ego_planner/msg/_package_Bspline.lisp)
Linked: (/home/tms01/Developments/ego-planner/devel/.private/ego_planner/share/common-lisp/ros/ego_planner/msg/ego_planner-msg.asd, /home/tms01/Developments/ego-planner/devel/share/common-lisp/ros/ego_planner/msg/ego_planner-msg.asd)
Linked: (/home/tms01/Developments/ego-planner/devel/.private/ego_planner/share/common-lisp/ros/ego_planner/msg/_package_DataDisp.lisp, /home/tms01/Developments/ego-planner/devel/share/common-lisp/ros/ego_planner/msg/_package_DataDisp.lisp)
Linked: (/home/tms01/Developments/ego-planner/devel/.private/ego_planner/share/common-lisp/ros/ego_planner/msg/_package.lisp, /home/tms01/Developments/ego-planner/devel/share/common-lisp/ros/ego_planner/msg/_package.lisp)
Linked: (/home/tms01/Developments/ego-planner/devel/.private/ego_planner/share/common-lisp/ros/ego_planner/msg/Bspline.lisp, /home/tms01/Developments/ego-planner/devel/share/common-lisp/ros/ego_planner/msg/Bspline.lisp)
